[28-Mar-2020 16:01:37 Europe/Berlin] PHP Warning:  Uncaught <strong>Attention</strong> : [0] require(web/404.php): failed to open stream: No such file or directory<br /><strong>/var/www/html/noMess/index.php</strong> à la ligne <strong>93</strong><br>
  thrown in /var/www/html/noMess/index.php on line 93
[28-Mar-2020 16:01:37 Europe/Berlin] PHP Stack trace:
[28-Mar-2020 16:01:37 Europe/Berlin] PHP   1. {main}() /var/www/html/noMess/index.php:0
[28-Mar-2020 16:01:37 Europe/Berlin] PHP Fatal error:  main(): Failed opening required 'web/404.php' (include_path='.:/usr/share/php') in /var/www/html/noMess/index.php on line 93
[28-Mar-2020 16:01:37 Europe/Berlin] PHP Stack trace:
[28-Mar-2020 16:01:37 Europe/Berlin] PHP   1. {main}() /var/www/html/noMess/index.php:0
[28-Mar-2020 16:13:51 Europe/Berlin] PHP Warning:  Uncaught <strong>Attention</strong> : [0] require(web/404.php): failed to open stream: No such file or directory<br /><strong>/var/www/html/noMess/index.php</strong> à la ligne <strong>93</strong><br>
  thrown in /var/www/html/noMess/index.php on line 93
[28-Mar-2020 16:13:51 Europe/Berlin] PHP Stack trace:
[28-Mar-2020 16:13:51 Europe/Berlin] PHP   1. {main}() /var/www/html/noMess/index.php:0
[28-Mar-2020 16:13:51 Europe/Berlin] PHP Fatal error:  main(): Failed opening required 'web/404.php' (include_path='.:/usr/share/php') in /var/www/html/noMess/index.php on line 93
[28-Mar-2020 16:13:51 Europe/Berlin] PHP Stack trace:
[28-Mar-2020 16:13:51 Europe/Berlin] PHP   1. {main}() /var/www/html/noMess/index.php:0
[28-Mar-2020 16:14:42 Europe/Berlin] PHP Warning:  Uncaught <strong>Attention</strong> : [0] require(web/404.php): failed to open stream: No such file or directory<br /><strong>/var/www/html/noMess/index.php</strong> à la ligne <strong>93</strong><br>
  thrown in /var/www/html/noMess/index.php on line 93
[28-Mar-2020 16:14:42 Europe/Berlin] PHP Stack trace:
[28-Mar-2020 16:14:42 Europe/Berlin] PHP   1. {main}() /var/www/html/noMess/index.php:0
[28-Mar-2020 16:14:42 Europe/Berlin] PHP Fatal error:  main(): Failed opening required 'web/404.php' (include_path='.:/usr/share/php') in /var/www/html/noMess/index.php on line 93
[28-Mar-2020 16:14:42 Europe/Berlin] PHP Stack trace:
[28-Mar-2020 16:14:42 Europe/Berlin] PHP   1. {main}() /var/www/html/noMess/index.php:0
[28-Mar-2020 17:12:32 Europe/Berlin] PHP Warning:  Uncaught <strong>Attention</strong> : [0] require(web/404.php): failed to open stream: No such file or directory<br /><strong>/var/www/html/noMess/index.php</strong> à la ligne <strong>93</strong><br>
  thrown in /var/www/html/noMess/index.php on line 93
[28-Mar-2020 17:12:32 Europe/Berlin] PHP Stack trace:
[28-Mar-2020 17:12:32 Europe/Berlin] PHP   1. {main}() /var/www/html/noMess/index.php:0
[28-Mar-2020 17:12:32 Europe/Berlin] PHP Fatal error:  main(): Failed opening required 'web/404.php' (include_path='.:/usr/share/php') in /var/www/html/noMess/index.php on line 93
[28-Mar-2020 17:12:32 Europe/Berlin] PHP Stack trace:
[28-Mar-2020 17:12:32 Europe/Berlin] PHP   1. {main}() /var/www/html/noMess/index.php:0
[28-Mar-2020 17:12:58 Europe/Berlin] PHP Warning:  Uncaught <strong>Attention</strong> : [0] require(web/404.php): failed to open stream: No such file or directory<br /><strong>/var/www/html/noMess/index.php</strong> à la ligne <strong>93</strong><br>
  thrown in /var/www/html/noMess/index.php on line 93
[28-Mar-2020 17:12:58 Europe/Berlin] PHP Stack trace:
[28-Mar-2020 17:12:58 Europe/Berlin] PHP   1. {main}() /var/www/html/noMess/index.php:0
[28-Mar-2020 17:12:58 Europe/Berlin] PHP Fatal error:  main(): Failed opening required 'web/404.php' (include_path='.:/usr/share/php') in /var/www/html/noMess/index.php on line 93
[28-Mar-2020 17:12:58 Europe/Berlin] PHP Stack trace:
[28-Mar-2020 17:12:58 Europe/Berlin] PHP   1. {main}() /var/www/html/noMess/index.php:0
[28-Mar-2020 17:44:32 Europe/Berlin] PHP Warning:  Uncaught <strong>Attention</strong> : [0] require(web/404.php): failed to open stream: No such file or directory<br /><strong>/var/www/html/noMess/index.php</strong> à la ligne <strong>93</strong><br>
  thrown in /var/www/html/noMess/index.php on line 93
[28-Mar-2020 17:44:32 Europe/Berlin] PHP Stack trace:
[28-Mar-2020 17:44:32 Europe/Berlin] PHP   1. {main}() /var/www/html/noMess/index.php:0
[28-Mar-2020 17:44:32 Europe/Berlin] PHP Fatal error:  main(): Failed opening required 'web/404.php' (include_path='.:/usr/share/php') in /var/www/html/noMess/index.php on line 93
[28-Mar-2020 17:44:32 Europe/Berlin] PHP Stack trace:
[28-Mar-2020 17:44:32 Europe/Berlin] PHP   1. {main}() /var/www/html/noMess/index.php:0
